Using pre-set license
Built from '2020.3/staging' branch; Version is '2020.3.32f1 (12f8b0834f07) revision 1243312'; Using compiler version '192528614'; Build Type 'Release'
OS: 'Windows 11  (10.0.22621) 64bit Professional' Language: 'tr' Physical Memory: 8050 MB
BatchMode: 1, IsHumanControllingUs: 0, StartBugReporterOnCrash: 0, Is64bit: 1, IsPro: 0

COMMAND LINE ARGUMENTS:
C:\Program Files\Unity\Hub\Editor\2020.3.32f1\Editor\Unity.exe
-adb2
-batchMode
-noUpm
-name
AssetImportWorker0
-projectPath
C:/Users/kaan_/Documents/GitHub/Guardian-Starship/My project
-logFile
Logs/AssetImportWorker0.log
-srvPort
63013
Successfully changed project path to: C:/Users/kaan_/Documents/GitHub/Guardian-Starship/My project
C:/Users/kaan_/Documents/GitHub/Guardian-Starship/My project
Using Asset Import Pipeline V2.
Refreshing native plugins compatible for Editor in 70.75 ms, found 2 plugins.
Preloading 0 native plugins for Editor in 0.00 ms.
Initialize engine version: 2020.3.32f1 (12f8b0834f07)
[Subsystems] Discovering subsystems at path C:/Program Files/Unity/Hub/Editor/2020.3.32f1/Editor/Data/Resources/UnitySubsystems
[Subsystems] Discovering subsystems at path C:/Users/kaan_/Documents/GitHub/Guardian-Starship/My project/Assets
GfxDevice: creating device client; threaded=0
Direct3D:
    Version:  Direct3D 11.0 [level 11.1]
    Renderer: NVIDIA GeForce GTX 1650 (ID=0x1f91)
    Vendor:   
    VRAM:     3962 MB
    Driver:   30.0.15.1289
Initialize mono
Mono path[0] = 'C:/Program Files/Unity/Hub/Editor/2020.3.32f1/Editor/Data/Managed'
Mono path[1] = 'C:/Program Files/Unity/Hub/Editor/2020.3.32f1/Editor/Data/MonoBleedingEdge/lib/mono/unityjit'
Mono config path = 'C:/Program Files/Unity/Hub/Editor/2020.3.32f1/Editor/Data/MonoBleedingEdge/etc'
Using monoOptions --debugger-agent=transport=dt_socket,embedding=1,server=y,suspend=n,address=127.0.0.1:56700
Begin MonoManager ReloadAssembly
Registering precompiled unity dll's ...
Register platform support module: C:/Program Files/Unity/Hub/Editor/2020.3.32f1/Editor/Data/PlaybackEngines/WindowsStandaloneSupport/UnityEditor.WindowsStandalone.Extensions.dll
Registered in 0.003752 seconds.
Native extension for WindowsStandalone target not found
Refreshing native plugins compatible for Editor in 51.61 ms, found 2 plugins.
Preloading 0 native plugins for Editor in 0.00 ms.
Mono: successfully reloaded assembly
- Completed reload, in  0.680 seconds
Domain Reload Profiling:
	ReloadAssembly (681ms)
		BeginReloadAssembly (104ms)
			ExecutionOrderSort (0ms)
			DisableScriptedObjects (0ms)
			BackupInstance (0ms)
			ReleaseScriptingObjects (0ms)
			CreateAndSetChildDomain (1ms)
		EndReloadAssembly (500ms)
			LoadAssemblies (102ms)
			RebuildTransferFunctionScriptingTraits (0ms)
			SetupTypeCache (179ms)
			ReleaseScriptCaches (0ms)
			RebuildScriptCaches (32ms)
			SetupLoadedEditorAssemblies (179ms)
				LogAssemblyErrors (0ms)
				InitializePlatformSupportModulesInManaged (4ms)
				SetLoadedEditorAssemblies (0ms)
				RefreshPlugins (52ms)
				BeforeProcessingInitializeOnLoad (11ms)
				ProcessInitializeOnLoadAttributes (81ms)
				ProcessInitializeOnLoadMethodAttributes (30ms)
				AfterProcessingInitializeOnLoad (0ms)
				EditorAssembliesLoaded (0ms)
			ExecutionOrderSort2 (0ms)
			AwakeInstancesAfterBackupRestoration (0ms)
Platform modules already initialized, skipping
Registering precompiled user dll's ...
Registered in 0.012438 seconds.
Begin MonoManager ReloadAssembly
Native extension for WindowsStandalone target not found
Refreshing native plugins compatible for Editor in 50.43 ms, found 2 plugins.
Preloading 0 native plugins for Editor in 0.00 ms.
Mono: successfully reloaded assembly
- Completed reload, in  1.231 seconds
Domain Reload Profiling:
	ReloadAssembly (1232ms)
		BeginReloadAssembly (153ms)
			ExecutionOrderSort (0ms)
			DisableScriptedObjects (4ms)
			BackupInstance (0ms)
			ReleaseScriptingObjects (0ms)
			CreateAndSetChildDomain (21ms)
		EndReloadAssembly (1020ms)
			LoadAssemblies (151ms)
			RebuildTransferFunctionScriptingTraits (0ms)
			SetupTypeCache (340ms)
			ReleaseScriptCaches (1ms)
			RebuildScriptCaches (48ms)
			SetupLoadedEditorAssemblies (355ms)
				LogAssemblyErrors (0ms)
				InitializePlatformSupportModulesInManaged (3ms)
				SetLoadedEditorAssemblies (0ms)
				RefreshPlugins (51ms)
				BeforeProcessingInitializeOnLoad (72ms)
				ProcessInitializeOnLoadAttributes (209ms)
				ProcessInitializeOnLoadMethodAttributes (14ms)
				AfterProcessingInitializeOnLoad (6ms)
				EditorAssembliesLoaded (0ms)
			ExecutionOrderSort2 (0ms)
			AwakeInstancesAfterBackupRestoration (6ms)
Platform modules already initialized, skipping
========================================================================
Worker process is ready to serve import requests
Launched and connected shader compiler UnityShaderCompiler.exe after 0.06 seconds
Refreshing native plugins compatible for Editor in 0.50 ms, found 2 plugins.
Preloading 0 native plugins for Editor in 0.00 ms.
Unloading 2772 Unused Serialized files (Serialized files now loaded: 0)
System memory in use before: 135.0 MB.
System memory in use after: 135.2 MB.

Unloading 16 unused Assets to reduce memory usage. Loaded Objects now: 3240.
Total: 3.314300 ms (FindLiveObjects: 0.235100 ms CreateObjectMapping: 0.115100 ms MarkObjects: 2.932100 ms  DeleteObjects: 0.031000 ms)

AssetImportParameters requested are different than current active one (requested -> active):
  custom:framework-win-MediaFoundation: 216162199b28c13a410421893ffa2e32 -> 
  custom:video-decoder-ogg-theora: a1e56fd34408186e4bbccfd4996cb3dc -> 
  custom:container-muxer-webm: aa71ff27fc2769a1b78a27578f13a17b -> 
  custom:container-demuxer-webm: 4f35f7cbe854078d1ac9338744f61a02 -> 
  custom:container-demuxer-ogg: 62fdf1f143b41e24485cea50d1cbac27 -> 
  custom:video-encoder-webm-vp8: eb34c28f22e8b96e1ab97ce403110664 -> 
  custom:video-codec-MediaFoundation-h265: 746d11721c4dcdbdad8f713fa42b33f4 -> 
  custom:video-decoder-webm-vp8: 9c59270c3fd7afecdb556c50c9e8de78 -> 
  custom:audio-decoder-ogg-vorbis: bf7c407c2cedff20999df2af8eb42d56 -> 
  custom:audio-encoder-webm-vorbis: bf7c407c2cedff20999df2af8eb42d56 -> 
========================================================================
Received Import Request.
  path: Assets/Planets/cyan-planet.png
  artifactKey: Guid(80c8e3fcf260c6b4ba4166aeead431d4) Importer(815301076,1909f56bfc062723c751e8b465ee728b)
Start importing Assets/Planets/cyan-planet.png using Guid(80c8e3fcf260c6b4ba4166aeead431d4) Importer(815301076,1909f56bfc062723c751e8b465ee728b)  -> (artifact id: '59623c9985ef26b12f17eadf4589f16c') in 0.140348 seconds 
========================================================================
Received Import Request.
  Time since last request: 0.000326 seconds.
  path: Assets/Materials/BackGroundMaterial/Nebula_1_1_Top.png
  artifactKey: Guid(ca12d52829fe86c4b932ee2557099860) Importer(815301076,1909f56bfc062723c751e8b465ee728b)
Start importing Assets/Materials/BackGroundMaterial/Nebula_1_1_Top.png using Guid(ca12d52829fe86c4b932ee2557099860) Importer(815301076,1909f56bfc062723c751e8b465ee728b)  -> (artifact id: '4e082dce4725c67ff9f49008b2aa5f7f') in 0.086893 seconds 
========================================================================
Received Import Request.
  Time since last request: 0.000368 seconds.
  path: Assets/Materials/BackGroundMaterial/Nebula_1_1_Bottom.png
  artifactKey: Guid(a1518a452a4a86b4695ff3269f92f31b) Importer(815301076,1909f56bfc062723c751e8b465ee728b)
Start importing Assets/Materials/BackGroundMaterial/Nebula_1_1_Bottom.png using Guid(a1518a452a4a86b4695ff3269f92f31b) Importer(815301076,1909f56bfc062723c751e8b465ee728b)  -> (artifact id: '22bc805c9753eb64c1e393e8eed07ade') in 0.034143 seconds 
========================================================================
Received Import Request.
  Time since last request: 0.000307 seconds.
  path: Assets/Prefabs/Small Explosion_01_Smoke_02.png
  artifactKey: Guid(6c9007ab0ef96e444adf98d82cc8430e) Importer(815301076,1909f56bfc062723c751e8b465ee728b)
Start importing Assets/Prefabs/Small Explosion_01_Smoke_02.png using Guid(6c9007ab0ef96e444adf98d82cc8430e) Importer(815301076,1909f56bfc062723c751e8b465ee728b)  -> (artifact id: 'a0d8f22ff2341a129ac7da66d3370823') in 0.019822 seconds 
========================================================================
Received Import Request.
  Time since last request: 0.000242 seconds.
  path: Assets/Planets/Purple-Planet-wih-Moon.png
  artifactKey: Guid(c34dd8efcdbcbc44b8e7dc39532183f8) Importer(815301076,1909f56bfc062723c751e8b465ee728b)
Start importing Assets/Planets/Purple-Planet-wih-Moon.png using Guid(c34dd8efcdbcbc44b8e7dc39532183f8) Importer(815301076,1909f56bfc062723c751e8b465ee728b)  -> (artifact id: 'ad6e65a63429d082c63950f81c5f2d06') in 0.020096 seconds 
========================================================================
Received Import Request.
  Time since last request: 0.000444 seconds.
  path: Assets/Prefabs/Power Ups/Power Up.png
  artifactKey: Guid(eed3a3696cc82a042a4b8de968dc18f7) Importer(815301076,1909f56bfc062723c751e8b465ee728b)
Start importing Assets/Prefabs/Power Ups/Power Up.png using Guid(eed3a3696cc82a042a4b8de968dc18f7) Importer(815301076,1909f56bfc062723c751e8b465ee728b)  -> (artifact id: 'ecaa3d4f20306a2deaec6e2212fcc5f5') in 0.026459 seconds 
========================================================================
Received Import Request.
  Time since last request: 0.000773 seconds.
  path: Assets/Prefabs/Enemy_01.png
  artifactKey: Guid(889ce8abe284e5140b812261fece7c00) Importer(815301076,1909f56bfc062723c751e8b465ee728b)
Start importing Assets/Prefabs/Enemy_01.png using Guid(889ce8abe284e5140b812261fece7c00) Importer(815301076,1909f56bfc062723c751e8b465ee728b)  -> (artifact id: 'ddf725338b15ca13a070db11f4ab89b8') in 0.023907 seconds 
========================================================================
Received Import Request.
  Time since last request: 0.000470 seconds.
  path: Assets/Prefabs/Weapons/Machine Gun.png
  artifactKey: Guid(d8739d1dd0a64d44691a34116be6dd79) Importer(815301076,1909f56bfc062723c751e8b465ee728b)
Start importing Assets/Prefabs/Weapons/Machine Gun.png using Guid(d8739d1dd0a64d44691a34116be6dd79) Importer(815301076,1909f56bfc062723c751e8b465ee728b)  -> (artifact id: '0877c3efb4f5a8eb945ff826ef45992f') in 0.022473 seconds 
========================================================================
Received Import Request.
  Time since last request: 0.000360 seconds.
  path: Assets/Prefabs/Short-Lazer-Ship.png
  artifactKey: Guid(c98405d49143fc84dbd11799122ea046) Importer(815301076,1909f56bfc062723c751e8b465ee728b)
Start importing Assets/Prefabs/Short-Lazer-Ship.png using Guid(c98405d49143fc84dbd11799122ea046) Importer(815301076,1909f56bfc062723c751e8b465ee728b)  -> (artifact id: '843f2fcac317872d1b0632b38b4d20f0') in 0.023140 seconds 
========================================================================
Received Import Request.
  Time since last request: 0.000342 seconds.
  path: Assets/Planets/Red-Lines-PLanet.png
  artifactKey: Guid(364e570d5aa9763448564ecc660293f2) Importer(815301076,1909f56bfc062723c751e8b465ee728b)
Start importing Assets/Planets/Red-Lines-PLanet.png using Guid(364e570d5aa9763448564ecc660293f2) Importer(815301076,1909f56bfc062723c751e8b465ee728b)  -> (artifact id: 'e32fb3535faf3dc11459dfcb24ed8578') in 0.024821 seconds 
========================================================================
Received Import Request.
  Time since last request: 0.000350 seconds.
  path: Assets/Prefabs/Power Ups/Power Up Ring.png
  artifactKey: Guid(d67ef880b5929ef4b9f7268003be746e) Importer(815301076,1909f56bfc062723c751e8b465ee728b)
Start importing Assets/Prefabs/Power Ups/Power Up Ring.png using Guid(d67ef880b5929ef4b9f7268003be746e) Importer(815301076,1909f56bfc062723c751e8b465ee728b)  -> (artifact id: '5a8e3bcbc73a9ccd7f16d5715b27e327') in 0.030644 seconds 
========================================================================
Received Import Request.
  Time since last request: 0.000277 seconds.
  path: Assets/Prefabs/Weapons/Ball_02.png
  artifactKey: Guid(a5c95d060150ec04f9e528812dd029f8) Importer(815301076,1909f56bfc062723c751e8b465ee728b)
Start importing Assets/Prefabs/Weapons/Ball_02.png using Guid(a5c95d060150ec04f9e528812dd029f8) Importer(815301076,1909f56bfc062723c751e8b465ee728b)  -> (artifact id: 'ec9030479016de95d11fa0bf1feb8b7a') in 0.019187 seconds 
========================================================================
Received Import Request.
  Time since last request: 0.000395 seconds.
  path: Assets/Materials/BackGroundMaterial/Stars-Medium_1_1.png
  artifactKey: Guid(a187924455365b64792daf19501b336f) Importer(815301076,1909f56bfc062723c751e8b465ee728b)
Start importing Assets/Materials/BackGroundMaterial/Stars-Medium_1_1.png using Guid(a187924455365b64792daf19501b336f) Importer(815301076,1909f56bfc062723c751e8b465ee728b)  -> (artifact id: 'c466c03dd6071f992d7ffaddf50fda32') in 0.036553 seconds 
========================================================================
Received Import Request.
  Time since last request: 0.000877 seconds.
  path: Assets/Prefabs/Ball_02.png
  artifactKey: Guid(3ea5525e1106742438e71df052c67bcb) Importer(815301076,1909f56bfc062723c751e8b465ee728b)
Start importing Assets/Prefabs/Ball_02.png using Guid(3ea5525e1106742438e71df052c67bcb) Importer(815301076,1909f56bfc062723c751e8b465ee728b)  -> (artifact id: '5236ab2677a503935ab1f9abd4f2b464') in 0.010722 seconds 
========================================================================
Received Import Request.
  Time since last request: 0.000290 seconds.
  path: Assets/Materials/BackGroundMaterial/Stars-Big_1_1.png
  artifactKey: Guid(a10b2a4de08e378499e2a689900680ff) Importer(815301076,1909f56bfc062723c751e8b465ee728b)
Start importing Assets/Materials/BackGroundMaterial/Stars-Big_1_1.png using Guid(a10b2a4de08e378499e2a689900680ff) Importer(815301076,1909f56bfc062723c751e8b465ee728b)  -> (artifact id: '2dc343ca33dfbdfd2a4c3ffb366ce120') in 0.032211 seconds 
========================================================================
Received Import Request.
  Time since last request: 0.000247 seconds.
  path: Assets/Prefabs/Enemy_01 1.png
  artifactKey: Guid(e8c7b18d7331d2b409d9d7adfbc1c3b1) Importer(815301076,1909f56bfc062723c751e8b465ee728b)
Start importing Assets/Prefabs/Enemy_01 1.png using Guid(e8c7b18d7331d2b409d9d7adfbc1c3b1) Importer(815301076,1909f56bfc062723c751e8b465ee728b)  -> (artifact id: '4d049dcc26bb0e02e1dd9888cbcffbb1') in 0.023668 seconds 
========================================================================
Received Import Request.
  Time since last request: 0.000318 seconds.
  path: Assets/Planets/blue-planet.png
  artifactKey: Guid(a0f73060b1bf1f241b467f9819fcd238) Importer(815301076,1909f56bfc062723c751e8b465ee728b)
Start importing Assets/Planets/blue-planet.png using Guid(a0f73060b1bf1f241b467f9819fcd238) Importer(815301076,1909f56bfc062723c751e8b465ee728b)  -> (artifact id: '7fd211544df9b8b67731d61b9e919a74') in 0.027177 seconds 
========================================================================
Received Import Request.
  Time since last request: 25.363356 seconds.
  path: Assets/Settings/UniversalRP-HighQuality.asset
  artifactKey: Guid(19ba41d7c0026c3459d37c2fe90c55a0) Importer(815301076,1909f56bfc062723c751e8b465ee728b)
Start importing Assets/Settings/UniversalRP-HighQuality.asset using Guid(19ba41d7c0026c3459d37c2fe90c55a0) Importer(815301076,1909f56bfc062723c751e8b465ee728b)  -> (artifact id: 'ed637f0e6bdf7f9b1a7cd9510882bb2e') in 0.302553 seconds 
========================================================================
Received Import Request.
  Time since last request: 0.000350 seconds.
  path: Assets/Settings/UniversalRP-LowQuality.asset
  artifactKey: Guid(a31e9f9f9c9d4b9429ed0d1234e22103) Importer(815301076,1909f56bfc062723c751e8b465ee728b)
Start importing Assets/Settings/UniversalRP-LowQuality.asset using Guid(a31e9f9f9c9d4b9429ed0d1234e22103) Importer(815301076,1909f56bfc062723c751e8b465ee728b)  -> (artifact id: '0e360b003bd7b59555647cac4bb5aaa2') in 0.028435 seconds 
========================================================================
Received Import Request.
  Time since last request: 0.000297 seconds.
  path: Assets/Settings/UniversalRP-MediumQuality.asset
  artifactKey: Guid(d847b876476d3d6468f5dfcd34266f96) Importer(815301076,1909f56bfc062723c751e8b465ee728b)
Start importing Assets/Settings/UniversalRP-MediumQuality.asset using Guid(d847b876476d3d6468f5dfcd34266f96) Importer(815301076,1909f56bfc062723c751e8b465ee728b)  -> (artifact id: '738045cef99250e65da67a7395991b67') in 0.023350 seconds 
========================================================================
Received Import Request.
  Time since last request: 66.530105 seconds.
  path: Assets/Materials/1.png
  artifactKey: Guid(8283eea14bfa82448b4709953c691c6a) Importer(815301076,1909f56bfc062723c751e8b465ee728b)
Start importing Assets/Materials/1.png using Guid(8283eea14bfa82448b4709953c691c6a) Importer(815301076,1909f56bfc062723c751e8b465ee728b)  -> (artifact id: '4c8d9cee2a52124cb839ad5fc31ea22c') in 0.019022 seconds 
========================================================================
Received Import Request.
  Time since last request: 0.000334 seconds.
  path: Assets/Materials/4.png
  artifactKey: Guid(268ff20f2ef4d6647ad87ed29ef397f4) Importer(815301076,1909f56bfc062723c751e8b465ee728b)
Start importing Assets/Materials/4.png using Guid(268ff20f2ef4d6647ad87ed29ef397f4) Importer(815301076,1909f56bfc062723c751e8b465ee728b)  -> (artifact id: '1197710680739583f4ea2d14a860c44d') in 0.037142 seconds 
========================================================================
Received Import Request.
  Time since last request: 0.000331 seconds.
  path: Assets/Materials/asteroid.png
  artifactKey: Guid(a2df8e363256ec64f90a52d9cf649b71) Importer(815301076,1909f56bfc062723c751e8b465ee728b)
Start importing Assets/Materials/asteroid.png using Guid(a2df8e363256ec64f90a52d9cf649b71) Importer(815301076,1909f56bfc062723c751e8b465ee728b)  -> (artifact id: '8933bf22644d26dba4bb75894f99f794') in 0.018079 seconds 
========================================================================
Received Import Request.
  Time since last request: 0.000351 seconds.
  path: Assets/Materials/2.png
  artifactKey: Guid(ebd0cc77516f4014ab6d26a021cdfad1) Importer(815301076,1909f56bfc062723c751e8b465ee728b)
Start importing Assets/Materials/2.png using Guid(ebd0cc77516f4014ab6d26a021cdfad1) Importer(815301076,1909f56bfc062723c751e8b465ee728b)  -> (artifact id: '7fe6a9b88cdb73824fa182edfbcc8f6e') in 0.020410 seconds 
========================================================================
Received Import Request.
  Time since last request: 0.000433 seconds.
  path: Assets/Materials/3.png
  artifactKey: Guid(9c7ec40e34feb8140a5f195f0c6bd003) Importer(815301076,1909f56bfc062723c751e8b465ee728b)
Start importing Assets/Materials/3.png using Guid(9c7ec40e34feb8140a5f195f0c6bd003) Importer(815301076,1909f56bfc062723c751e8b465ee728b)  -> (artifact id: '37f0c317260f27d2e1cdb0f86c24aac1') in 0.020310 seconds 
========================================================================
Received Import Request.
  Time since last request: 0.659635 seconds.
  path: Packages/com.unity.searcher/Editor/Resources/FlatSkin/Font/Roboto-LightItalic.ttf
  artifactKey: Guid(5e63515167650a541b309ba3bfd4db3d) Importer(815301076,1909f56bfc062723c751e8b465ee728b)
Start importing Packages/com.unity.searcher/Editor/Resources/FlatSkin/Font/Roboto-LightItalic.ttf using Guid(5e63515167650a541b309ba3bfd4db3d) Importer(815301076,1909f56bfc062723c751e8b465ee728b)  -> (artifact id: '58a531e62da555d3bd7a437e2a69f156') in 0.088064 seconds 
========================================================================
Received Import Request.
  Time since last request: 0.000309 seconds.
  path: Packages/com.unity.searcher/Editor/Resources/FlatSkin/Font/Roboto-Black.ttf
  artifactKey: Guid(1062c701058745940ae5dca6219c64c8) Importer(815301076,1909f56bfc062723c751e8b465ee728b)
Start importing Packages/com.unity.searcher/Editor/Resources/FlatSkin/Font/Roboto-Black.ttf using Guid(1062c701058745940ae5dca6219c64c8) Importer(815301076,1909f56bfc062723c751e8b465ee728b)  -> (artifact id: 'eb26cd20cfe8ba27a65eb0ccba3affd8') in 0.025454 seconds 
========================================================================
Received Import Request.
  Time since last request: 0.000345 seconds.
  path: Packages/com.unity.searcher/Editor/Resources/FlatSkin/Font/Roboto-Light.ttf
  artifactKey: Guid(2a29e27936eb547458f646f71125b264) Importer(815301076,1909f56bfc062723c751e8b465ee728b)
Start importing Packages/com.unity.searcher/Editor/Resources/FlatSkin/Font/Roboto-Light.ttf using Guid(2a29e27936eb547458f646f71125b264) Importer(815301076,1909f56bfc062723c751e8b465ee728b)  -> (artifact id: 'ec17ac49e686b6403fba7db43313bc11') in 0.023792 seconds 
========================================================================
Received Import Request.
  Time since last request: 1.373890 seconds.
  path: Packages/com.unity.searcher/Editor/Resources/FlatSkin/Font/Roboto-Italic.ttf
  artifactKey: Guid(c839255fc8f6b4b4d90bf8c1af9f9bd1) Importer(815301076,1909f56bfc062723c751e8b465ee728b)
Start importing Packages/com.unity.searcher/Editor/Resources/FlatSkin/Font/Roboto-Italic.ttf using Guid(c839255fc8f6b4b4d90bf8c1af9f9bd1) Importer(815301076,1909f56bfc062723c751e8b465ee728b)  -> (artifact id: '75348730c89fa56aa23f10dd1924a3bb') in 0.023925 seconds 
========================================================================
Received Import Request.
  Time since last request: 0.000342 seconds.
  path: Packages/com.unity.searcher/Editor/Resources/FlatSkin/Font/Roboto-MediumItalic.ttf
  artifactKey: Guid(d93c1bc57fdf1ac4dad1bf04fac05464) Importer(815301076,1909f56bfc062723c751e8b465ee728b)
Start importing Packages/com.unity.searcher/Editor/Resources/FlatSkin/Font/Roboto-MediumItalic.ttf using Guid(d93c1bc57fdf1ac4dad1bf04fac05464) Importer(815301076,1909f56bfc062723c751e8b465ee728b)  -> (artifact id: '7f62d5059210cc27112de43185eac9d8') in 0.032057 seconds 
========================================================================
Received Import Request.
  Time since last request: 0.000236 seconds.
  path: Packages/com.unity.searcher/Editor/Resources/FlatSkin/Font/Roboto-Bold.ttf
  artifactKey: Guid(3750c318f40cab44a97d3a81beaefeb3) Importer(815301076,1909f56bfc062723c751e8b465ee728b)
Start importing Packages/com.unity.searcher/Editor/Resources/FlatSkin/Font/Roboto-Bold.ttf using Guid(3750c318f40cab44a97d3a81beaefeb3) Importer(815301076,1909f56bfc062723c751e8b465ee728b)  -> (artifact id: '387d068e77a0bbb9c4b3cda6b0579d83') in 0.030004 seconds 
========================================================================
Received Import Request.
  Time since last request: 0.000499 seconds.
  path: Packages/com.unity.searcher/Editor/Resources/FlatSkin/Font/Roboto-BoldItalic.ttf
  artifactKey: Guid(dfb97a9307a577a41bcacba34b9a7e32) Importer(815301076,1909f56bfc062723c751e8b465ee728b)
Start importing Packages/com.unity.searcher/Editor/Resources/FlatSkin/Font/Roboto-BoldItalic.ttf using Guid(dfb97a9307a577a41bcacba34b9a7e32) Importer(815301076,1909f56bfc062723c751e8b465ee728b)  -> (artifact id: '81bf1bfb61ac7f4d6a7e4eb4798b4b65') in 0.029406 seconds 
========================================================================
Received Import Request.
  Time since last request: 0.000436 seconds.
  path: Packages/com.unity.searcher/Editor/Resources/FlatSkin/Font/Roboto-BlackItalic.ttf
  artifactKey: Guid(f95147a9bab9fe649b8070170fa7ebd2) Importer(815301076,1909f56bfc062723c751e8b465ee728b)
Start importing Packages/com.unity.searcher/Editor/Resources/FlatSkin/Font/Roboto-BlackItalic.ttf using Guid(f95147a9bab9fe649b8070170fa7ebd2) Importer(815301076,1909f56bfc062723c751e8b465ee728b)  -> (artifact id: 'b547faaff5fd294001bed41ef76adab2') in 0.032898 seconds 
========================================================================
Received Import Request.
  Time since last request: 0.000522 seconds.
  path: Packages/com.unity.searcher/Editor/Resources/FlatSkin/Font/Roboto-Thin.ttf
  artifactKey: Guid(19a9abb883540be48b75b951a927ae03) Importer(815301076,1909f56bfc062723c751e8b465ee728b)
Start importing Packages/com.unity.searcher/Editor/Resources/FlatSkin/Font/Roboto-Thin.ttf using Guid(19a9abb883540be48b75b951a927ae03) Importer(815301076,1909f56bfc062723c751e8b465ee728b)  -> (artifact id: '3e5067fcee22434ca506a2370b4fff4d') in 0.035470 seconds 
========================================================================
Received Import Request.
  Time since last request: 0.000347 seconds.
  path: Packages/com.unity.searcher/Editor/Resources/FlatSkin/Font/Roboto-Regular.ttf
  artifactKey: Guid(30dc370b164eefc43b95744fc796dad0) Importer(815301076,1909f56bfc062723c751e8b465ee728b)
Start importing Packages/com.unity.searcher/Editor/Resources/FlatSkin/Font/Roboto-Regular.ttf using Guid(30dc370b164eefc43b95744fc796dad0) Importer(815301076,1909f56bfc062723c751e8b465ee728b)  -> (artifact id: '8fa5b4f089bf70adfb215145918b971c') in 0.036040 seconds 
========================================================================
Received Import Request.
  Time since last request: 0.000471 seconds.
  path: Packages/com.unity.searcher/Editor/Resources/FlatSkin/Font/Roboto-Medium.ttf
  artifactKey: Guid(a51a3aebb43ac044989270407476b208) Importer(815301076,1909f56bfc062723c751e8b465ee728b)
Start importing Packages/com.unity.searcher/Editor/Resources/FlatSkin/Font/Roboto-Medium.ttf using Guid(a51a3aebb43ac044989270407476b208) Importer(815301076,1909f56bfc062723c751e8b465ee728b)  -> (artifact id: '306af4a6553c7987fe2e6b4f8bcf8a46') in 0.043905 seconds 
========================================================================
Received Import Request.
  Time since last request: 3.334148 seconds.
  path: Packages/com.unity.searcher/Editor/Resources/FlatSkin/Font/Roboto-ThinItalic.ttf
  artifactKey: Guid(b2ea3b3f1765e544b9eb5bd1a93a91ce) Importer(815301076,1909f56bfc062723c751e8b465ee728b)
Start importing Packages/com.unity.searcher/Editor/Resources/FlatSkin/Font/Roboto-ThinItalic.ttf using Guid(b2ea3b3f1765e544b9eb5bd1a93a91ce) Importer(815301076,1909f56bfc062723c751e8b465ee728b)  -> (artifact id: '7fe535c3097f062ec3e1baa911215801') in 0.030808 seconds 
========================================================================
Received Import Request.
  Time since last request: 68.012644 seconds.
  path: Packages/com.unity.searcher/Editor/Resources/FlatSkin/SearchSmallDownOff.png
  artifactKey: Guid(e0f8b9d001b669a43b3c9f7b90891d96) Importer(815301076,1909f56bfc062723c751e8b465ee728b)
Start importing Packages/com.unity.searcher/Editor/Resources/FlatSkin/SearchSmallDownOff.png using Guid(e0f8b9d001b669a43b3c9f7b90891d96) Importer(815301076,1909f56bfc062723c751e8b465ee728b)  -> (artifact id: '8f850251170798b70c260bf98e28abd1') in 0.047819 seconds 
========================================================================
Received Import Request.
  Time since last request: 0.000289 seconds.
  path: Packages/com.unity.searcher/Editor/Resources/FlatSkin/SearchSmallDownOff@2x.png
  artifactKey: Guid(0c2aa48d028b3134dbbb5ceb57bff5ac) Importer(815301076,1909f56bfc062723c751e8b465ee728b)
Start importing Packages/com.unity.searcher/Editor/Resources/FlatSkin/SearchSmallDownOff@2x.png using Guid(0c2aa48d028b3134dbbb5ceb57bff5ac) Importer(815301076,1909f56bfc062723c751e8b465ee728b)  -> (artifact id: '234578c7fed3c25238e19c920331264b') in 0.021756 seconds 
========================================================================
Received Import Request.
  Time since last request: 65.149672 seconds.
  path: Assets/Prefabs/Asteroid.prefab
  artifactKey: Guid(e7925f4124d8e324ebafb7d5a4893aa4) Importer(815301076,1909f56bfc062723c751e8b465ee728b)
Start importing Assets/Prefabs/Asteroid.prefab using Guid(e7925f4124d8e324ebafb7d5a4893aa4) Importer(815301076,1909f56bfc062723c751e8b465ee728b)  -> (artifact id: '2b55b676836667b4422f5c5aa30a12cf') in 0.048534 seconds 
========================================================================
Received Import Request.
  Time since last request: 0.000342 seconds.
  path: Assets/Prefabs/VFX/Lazer Ray Hit Effect.prefab
  artifactKey: Guid(345d5eb86457e3d40b372c7841adbde3) Importer(815301076,1909f56bfc062723c751e8b465ee728b)
Start importing Assets/Prefabs/VFX/Lazer Ray Hit Effect.prefab using Guid(345d5eb86457e3d40b372c7841adbde3) Importer(815301076,1909f56bfc062723c751e8b465ee728b)  -> (artifact id: '9cc4cda8b0b414c29a49c8d0fc56564b') in 0.045741 seconds 
========================================================================
Received Import Request.
  Time since last request: 0.000344 seconds.
  path: Assets/Prefabs/VFX/Central_Gun.prefab
  artifactKey: Guid(7e3dbf37862cb4943a731c8580b26976) Importer(815301076,1909f56bfc062723c751e8b465ee728b)
Start importing Assets/Prefabs/VFX/Central_Gun.prefab using Guid(7e3dbf37862cb4943a731c8580b26976) Importer(815301076,1909f56bfc062723c751e8b465ee728b)  -> (artifact id: '8432a8b42f128c85442f693fb30523dd') in 0.023589 seconds 
========================================================================
Received Import Request.
  Time since last request: 0.000374 seconds.
  path: Assets/Prefabs/VFX/EngineFx.prefab
  artifactKey: Guid(29045005bed505d4181ac05e86276550) Importer(815301076,1909f56bfc062723c751e8b465ee728b)
Start importing Assets/Prefabs/VFX/EngineFx.prefab using Guid(29045005bed505d4181ac05e86276550) Importer(815301076,1909f56bfc062723c751e8b465ee728b)  -> (artifact id: 'dc0ac22fe6f195d30186ba1fe2b66e22') in 0.018436 seconds 
========================================================================
Received Import Request.
  Time since last request: 0.000391 seconds.
  path: Assets/Prefabs/EngineFx.prefab
  artifactKey: Guid(3da9fb7703a34f441afbab860dafc3d7) Importer(815301076,1909f56bfc062723c751e8b465ee728b)
Start importing Assets/Prefabs/EngineFx.prefab using Guid(3da9fb7703a34f441afbab860dafc3d7) Importer(815301076,1909f56bfc062723c751e8b465ee728b)  -> (artifact id: '584be5fd153d9b515d2ecad4a75fd5e0') in 0.011461 seconds 
========================================================================
Received Import Request.
  Time since last request: 0.000408 seconds.
  path: Assets/Prefabs/Game Manager.prefab
  artifactKey: Guid(0ce471951ffb45947a6e284dcdbf1b16) Importer(815301076,1909f56bfc062723c751e8b465ee728b)
Start importing Assets/Prefabs/Game Manager.prefab using Guid(0ce471951ffb45947a6e284dcdbf1b16) Importer(815301076,1909f56bfc062723c751e8b465ee728b)  -> (artifact id: '749d6a9b34b2c5c3fea84929475ae087') in 0.014593 seconds 
========================================================================
Received Import Request.
  Time since last request: 0.000335 seconds.
  path: Assets/Prefabs/Lazer.prefab
  artifactKey: Guid(587234727717ca343942c1e9aa422164) Importer(815301076,1909f56bfc062723c751e8b465ee728b)
Start importing Assets/Prefabs/Lazer.prefab using Guid(587234727717ca343942c1e9aa422164) Importer(815301076,1909f56bfc062723c751e8b465ee728b)  -> (artifact id: 'd9989ba060161ac5235bd9d75d801fcb') in 0.021261 seconds 
========================================================================
Received Import Request.
  Time since last request: 0.000352 seconds.
  path: Assets/Prefabs/VFX/Enemy Explosion.prefab
  artifactKey: Guid(36ca2aa299a17f649a8ce6b5b3b0cac4) Importer(815301076,1909f56bfc062723c751e8b465ee728b)
Start importing Assets/Prefabs/VFX/Enemy Explosion.prefab using Guid(36ca2aa299a17f649a8ce6b5b3b0cac4) Importer(815301076,1909f56bfc062723c751e8b465ee728b)  -> (artifact id: '65e67c0189f276f2849f147d6d1d70f3') in 0.017981 seconds 
========================================================================
Received Prepare
Registering precompiled user dll's ...
Registered in 0.005824 seconds.
Begin MonoManager ReloadAssembly
Native extension for WindowsStandalone target not found
Refreshing native plugins compatible for Editor in 0.51 ms, found 2 plugins.
Preloading 0 native plugins for Editor in 0.00 ms.
Mono: successfully reloaded assembly
- Completed reload, in  1.168 seconds
Domain Reload Profiling:
	ReloadAssembly (1168ms)
		BeginReloadAssembly (150ms)
			ExecutionOrderSort (0ms)
			DisableScriptedObjects (5ms)
			BackupInstance (0ms)
			ReleaseScriptingObjects (0ms)
			CreateAndSetChildDomain (52ms)
		EndReloadAssembly (949ms)
			LoadAssemblies (116ms)
			RebuildTransferFunctionScriptingTraits (0ms)
			SetupTypeCache (354ms)
			ReleaseScriptCaches (1ms)
			RebuildScriptCaches (51ms)
			SetupLoadedEditorAssemblies (332ms)
				LogAssemblyErrors (0ms)
				InitializePlatformSupportModulesInManaged (5ms)
				SetLoadedEditorAssemblies (0ms)
				RefreshPlugins (1ms)
				BeforeProcessingInitializeOnLoad (68ms)
				ProcessInitializeOnLoadAttributes (237ms)
				ProcessInitializeOnLoadMethodAttributes (14ms)
				AfterProcessingInitializeOnLoad (7ms)
				EditorAssembliesLoaded (1ms)
			ExecutionOrderSort2 (0ms)
			AwakeInstancesAfterBackupRestoration (9ms)
Platform modules already initialized, skipping
Switching render pipeline 00000000000000000000000000000000 -> 19ba41d7c0026c3459d37c2fe90c55a0
Refreshing native plugins compatible for Editor in 0.54 ms, found 2 plugins.
Preloading 0 native plugins for Editor in 0.00 ms.
Unloading 2759 Unused Serialized files (Serialized files now loaded: 0)
System memory in use before: 137.5 MB.
System memory in use after: 137.7 MB.

Unloading 14 unused Assets to reduce memory usage. Loaded Objects now: 3344.
Total: 3.768400 ms (FindLiveObjects: 0.290800 ms CreateObjectMapping: 0.185900 ms MarkObjects: 3.243600 ms  DeleteObjects: 0.046800 ms)

AssetImportParameters requested are different than current active one (requested -> active):
  custom:framework-win-MediaFoundation: 216162199b28c13a410421893ffa2e32 -> 
  custom:video-decoder-ogg-theora: a1e56fd34408186e4bbccfd4996cb3dc -> 
  custom:container-muxer-webm: aa71ff27fc2769a1b78a27578f13a17b -> 
  custom:container-demuxer-webm: 4f35f7cbe854078d1ac9338744f61a02 -> 
  custom:container-demuxer-ogg: 62fdf1f143b41e24485cea50d1cbac27 -> 
  custom:video-encoder-webm-vp8: eb34c28f22e8b96e1ab97ce403110664 -> 
  custom:video-codec-MediaFoundation-h265: 746d11721c4dcdbdad8f713fa42b33f4 -> 
  custom:video-decoder-webm-vp8: 9c59270c3fd7afecdb556c50c9e8de78 -> 
  custom:audio-decoder-ogg-vorbis: bf7c407c2cedff20999df2af8eb42d56 -> 
  custom:audio-encoder-webm-vorbis: bf7c407c2cedff20999df2af8eb42d56 -> 
========================================================================
Received Import Request.
  Time since last request: 139.308628 seconds.
  path: Assets/Prefabs/Ship.prefab
  artifactKey: Guid(856dd28710b632d4494ae252c0b71204) Importer(815301076,1909f56bfc062723c751e8b465ee728b)
Start importing Assets/Prefabs/Ship.prefab using Guid(856dd28710b632d4494ae252c0b71204) Importer(815301076,1909f56bfc062723c751e8b465ee728b)  -> (artifact id: 'eaf25d24f00f276a4785bfa52510ebcb') in 0.228368 seconds 
========================================================================
Received Import Request.
  Time since last request: 0.553080 seconds.
  path: Assets/Prefabs/Player.prefab
  artifactKey: Guid(0a040e7279f9bb34a8f4cff545a1bd63) Importer(815301076,1909f56bfc062723c751e8b465ee728b)
Start importing Assets/Prefabs/Player.prefab using Guid(0a040e7279f9bb34a8f4cff545a1bd63) Importer(815301076,1909f56bfc062723c751e8b465ee728b)  -> (artifact id: 'e6dace5f7d0c5e4ffaba1243a18b1bec') in 0.024405 seconds 
========================================================================
Received Import Request.
  Time since last request: 18.848156 seconds.
  path: Assets/Settings/UniversalRP-HighQuality.asset
  artifactKey: Guid(19ba41d7c0026c3459d37c2fe90c55a0) Importer(815301076,1909f56bfc062723c751e8b465ee728b)
Start importing Assets/Settings/UniversalRP-HighQuality.asset using Guid(19ba41d7c0026c3459d37c2fe90c55a0) Importer(815301076,1909f56bfc062723c751e8b465ee728b)  -> (artifact id: '830a19abacffd2982fe520f0b2e7493f') in 0.002644 seconds 
========================================================================
Received Import Request.
  Time since last request: 0.000358 seconds.
  path: Assets/Settings/UniversalRP-LowQuality.asset
  artifactKey: Guid(a31e9f9f9c9d4b9429ed0d1234e22103) Importer(815301076,1909f56bfc062723c751e8b465ee728b)
Start importing Assets/Settings/UniversalRP-LowQuality.asset using Guid(a31e9f9f9c9d4b9429ed0d1234e22103) Importer(815301076,1909f56bfc062723c751e8b465ee728b)  -> (artifact id: '6873b356855449b052d88fb52d94f6af') in 0.002954 seconds 
========================================================================
Received Import Request.
  Time since last request: 0.000350 seconds.
  path: Assets/Settings/UniversalRP-MediumQuality.asset
  artifactKey: Guid(d847b876476d3d6468f5dfcd34266f96) Importer(815301076,1909f56bfc062723c751e8b465ee728b)
Start importing Assets/Settings/UniversalRP-MediumQuality.asset using Guid(d847b876476d3d6468f5dfcd34266f96) Importer(815301076,1909f56bfc062723c751e8b465ee728b)  -> (artifact id: 'c6cdbeeea9b42e2bf86e8c80c7608cd0') in 0.002829 seconds 
========================================================================
Received Import Request.
  Time since last request: 147.037452 seconds.
  path: Assets/Scripts/EntitySouls.cs
  artifactKey: Guid(c341593cb73a5464297a14ae9a235e6e) Importer(815301076,1909f56bfc062723c751e8b465ee728b)
Start importing Assets/Scripts/EntitySouls.cs using Guid(c341593cb73a5464297a14ae9a235e6e) Importer(815301076,1909f56bfc062723c751e8b465ee728b)  -> (artifact id: 'd800badb54eaf186950bab78ba43cac3') in 0.028075 seconds 
========================================================================
Received Import Request.
  Time since last request: 0.494278 seconds.
  path: Assets/Scripts/Asteroid.cs
  artifactKey: Guid(74dce217a447c8b4696761f18e6371a2) Importer(815301076,1909f56bfc062723c751e8b465ee728b)
Start importing Assets/Scripts/Asteroid.cs using Guid(74dce217a447c8b4696761f18e6371a2) Importer(815301076,1909f56bfc062723c751e8b465ee728b)  -> (artifact id: '21d939a72a500c249316f92d655aaa7b') in 0.002876 seconds 
========================================================================
Received Import Request.
  Time since last request: 15.607951 seconds.
  path: Assets/Prefabs/Asteroid.prefab
  artifactKey: Guid(e7925f4124d8e324ebafb7d5a4893aa4) Importer(815301076,1909f56bfc062723c751e8b465ee728b)
Start importing Assets/Prefabs/Asteroid.prefab using Guid(e7925f4124d8e324ebafb7d5a4893aa4) Importer(815301076,1909f56bfc062723c751e8b465ee728b)  -> (artifact id: '349ae431666290355ad420a2bcb756b3') in 0.023154 seconds 
========================================================================
Received Import Request.
  Time since last request: 2.815224 seconds.
  path: Assets/Prefabs/VFX/Central_Gun.prefab
  artifactKey: Guid(7e3dbf37862cb4943a731c8580b26976) Importer(815301076,1909f56bfc062723c751e8b465ee728b)
Start importing Assets/Prefabs/VFX/Central_Gun.prefab using Guid(7e3dbf37862cb4943a731c8580b26976) Importer(815301076,1909f56bfc062723c751e8b465ee728b)  -> (artifact id: 'b5753e16b9899ec95e57c6a8856a6586') in 0.016307 seconds 
========================================================================
Received Import Request.
  Time since last request: 0.000280 seconds.
  path: Assets/Prefabs/VFX/Lazer Ray Hit Effect.prefab
  artifactKey: Guid(345d5eb86457e3d40b372c7841adbde3) Importer(815301076,1909f56bfc062723c751e8b465ee728b)
Start importing Assets/Prefabs/VFX/Lazer Ray Hit Effect.prefab using Guid(345d5eb86457e3d40b372c7841adbde3) Importer(815301076,1909f56bfc062723c751e8b465ee728b)  -> (artifact id: 'fc547a114dcf91bce622ba9c56d6e481') in 0.014558 seconds 
========================================================================
Received Import Request.
  Time since last request: 0.000257 seconds.
  path: Assets/Prefabs/VFX/EngineFx.prefab
  artifactKey: Guid(29045005bed505d4181ac05e86276550) Importer(815301076,1909f56bfc062723c751e8b465ee728b)
Start importing Assets/Prefabs/VFX/EngineFx.prefab using Guid(29045005bed505d4181ac05e86276550) Importer(815301076,1909f56bfc062723c751e8b465ee728b)  -> (artifact id: 'e08da9b3d9bdc23ee353ae41d0d10313') in 0.016888 seconds 
========================================================================
Received Import Request.
  Time since last request: 0.000516 seconds.
  path: Assets/Prefabs/EngineFx.prefab
  artifactKey: Guid(3da9fb7703a34f441afbab860dafc3d7) Importer(815301076,1909f56bfc062723c751e8b465ee728b)
Start importing Assets/Prefabs/EngineFx.prefab using Guid(3da9fb7703a34f441afbab860dafc3d7) Importer(815301076,1909f56bfc062723c751e8b465ee728b)  -> (artifact id: '157aac083f40a5ee2eb1af4fe248042e') in 0.023828 seconds 
========================================================================
Received Import Request.
  Time since last request: 0.000354 seconds.
  path: Assets/Prefabs/Game Manager.prefab
  artifactKey: Guid(0ce471951ffb45947a6e284dcdbf1b16) Importer(815301076,1909f56bfc062723c751e8b465ee728b)
Start importing Assets/Prefabs/Game Manager.prefab using Guid(0ce471951ffb45947a6e284dcdbf1b16) Importer(815301076,1909f56bfc062723c751e8b465ee728b)  -> (artifact id: '07293f25bdf0cc7a5370eba21e8cdef5') in 0.012312 seconds 
========================================================================
Received Import Request.
  Time since last request: 0.000367 seconds.
  path: Assets/Prefabs/Lazer.prefab
  artifactKey: Guid(587234727717ca343942c1e9aa422164) Importer(815301076,1909f56bfc062723c751e8b465ee728b)
Start importing Assets/Prefabs/Lazer.prefab using Guid(587234727717ca343942c1e9aa422164) Importer(815301076,1909f56bfc062723c751e8b465ee728b)  -> (artifact id: 'fd4f22c25148c7a96c6164ef44e7beea') in 0.014360 seconds 
========================================================================
Received Import Request.
  Time since last request: 0.000345 seconds.
  path: Assets/Prefabs/VFX/Enemy Explosion.prefab
  artifactKey: Guid(36ca2aa299a17f649a8ce6b5b3b0cac4) Importer(815301076,1909f56bfc062723c751e8b465ee728b)
Start importing Assets/Prefabs/VFX/Enemy Explosion.prefab using Guid(36ca2aa299a17f649a8ce6b5b3b0cac4) Importer(815301076,1909f56bfc062723c751e8b465ee728b)  -> (artifact id: 'ee312c06fe341195679f7747f0ac1104') in 0.015448 seconds 
========================================================================
Received Import Request.
  Time since last request: 3.009028 seconds.
  path: Assets/Prefabs/VFX/PLayer Engine Effect.prefab
  artifactKey: Guid(8cd8089ba8f6faf45990012802717215) Importer(815301076,1909f56bfc062723c751e8b465ee728b)
Start importing Assets/Prefabs/VFX/PLayer Engine Effect.prefab using Guid(8cd8089ba8f6faf45990012802717215) Importer(815301076,1909f56bfc062723c751e8b465ee728b)  -> (artifact id: '2f83b39ece554ec5d1d5e05cfd7a0d64') in 0.019494 seconds 
========================================================================
Received Import Request.
  Time since last request: 0.000417 seconds.
  path: Assets/Prefabs/VFX/Speed Effect.prefab
  artifactKey: Guid(cd19e21bb44b43c4592232ffec55f19a) Importer(815301076,1909f56bfc062723c751e8b465ee728b)
Start importing Assets/Prefabs/VFX/Speed Effect.prefab using Guid(cd19e21bb44b43c4592232ffec55f19a) Importer(815301076,1909f56bfc062723c751e8b465ee728b)  -> (artifact id: 'ee8886b7ff98f75209fd60b090abd8f5') in 0.020008 seconds 
========================================================================
Received Import Request.
  Time since last request: 0.000366 seconds.
  path: Assets/Prefabs/VFX/Speed Effect PC.prefab
  artifactKey: Guid(b5692fe22898c4344bce33c163e6311b) Importer(815301076,1909f56bfc062723c751e8b465ee728b)
Start importing Assets/Prefabs/VFX/Speed Effect PC.prefab using Guid(b5692fe22898c4344bce33c163e6311b) Importer(815301076,1909f56bfc062723c751e8b465ee728b)  -> (artifact id: '6d927bd173ae7ec1cc686576f7ae1378') in 0.016693 seconds 
========================================================================
Received Import Request.
  Time since last request: 0.000395 seconds.
  path: Assets/Prefabs/VFX/Right_Gun.prefab
  artifactKey: Guid(74b850776bd415949ba209e1f534824f) Importer(815301076,1909f56bfc062723c751e8b465ee728b)
Start importing Assets/Prefabs/VFX/Right_Gun.prefab using Guid(74b850776bd415949ba209e1f534824f) Importer(815301076,1909f56bfc062723c751e8b465ee728b)  -> (artifact id: '746acf83fdbc7a783405ade5959d234e') in 0.016745 seconds 
========================================================================
Received Import Request.
  Time since last request: 0.000326 seconds.
  path: Assets/Prefabs/VFX/Player Explosion.prefab
  artifactKey: Guid(645a1bc880e35ca45a34d88241b41aa0) Importer(815301076,1909f56bfc062723c751e8b465ee728b)
Start importing Assets/Prefabs/VFX/Player Explosion.prefab using Guid(645a1bc880e35ca45a34d88241b41aa0) Importer(815301076,1909f56bfc062723c751e8b465ee728b)  -> (artifact id: 'fab01bff13dfcc4ad0c46c6940712819') in 0.026478 seconds 
========================================================================
Received Import Request.
  Time since last request: 6.233137 seconds.
  path: Assets/Prefabs/LazerBall.prefab
  artifactKey: Guid(03a6a41c233e74c4fb93231f3f5ee2ac) Importer(815301076,1909f56bfc062723c751e8b465ee728b)
Start importing Assets/Prefabs/LazerBall.prefab using Guid(03a6a41c233e74c4fb93231f3f5ee2ac) Importer(815301076,1909f56bfc062723c751e8b465ee728b)  -> (artifact id: '2b1d6517e6835e78cb76f7ae5f3551ce') in 0.021591 seconds 
========================================================================
Received Prepare
Registering precompiled user dll's ...
Registered in 0.003692 seconds.
Begin MonoManager ReloadAssembly
Native extension for WindowsStandalone target not found
Refreshing native plugins compatible for Editor in 0.50 ms, found 2 plugins.
Preloading 0 native plugins for Editor in 0.00 ms.
Mono: successfully reloaded assembly
- Completed reload, in  1.138 seconds
Domain Reload Profiling:
	ReloadAssembly (1138ms)
		BeginReloadAssembly (139ms)
			ExecutionOrderSort (0ms)
			DisableScriptedObjects (11ms)
			BackupInstance (0ms)
			ReleaseScriptingObjects (0ms)
			CreateAndSetChildDomain (44ms)
		EndReloadAssembly (940ms)
			LoadAssemblies (96ms)
			RebuildTransferFunctionScriptingTraits (0ms)
			SetupTypeCache (299ms)
			ReleaseScriptCaches (2ms)
			RebuildScriptCaches (59ms)
			SetupLoadedEditorAssemblies (318ms)
				LogAssemblyErrors (0ms)
				InitializePlatformSupportModulesInManaged (8ms)
				SetLoadedEditorAssemblies (1ms)
				RefreshPlugins (1ms)
				BeforeProcessingInitializeOnLoad (69ms)
				ProcessInitializeOnLoadAttributes (224ms)
				ProcessInitializeOnLoadMethodAttributes (9ms)
				AfterProcessingInitializeOnLoad (6ms)
				EditorAssembliesLoaded (0ms)
			ExecutionOrderSort2 (0ms)
			AwakeInstancesAfterBackupRestoration (20ms)
Platform modules already initialized, skipping
Switching render pipeline 00000000000000000000000000000000 -> 19ba41d7c0026c3459d37c2fe90c55a0
Refreshing native plugins compatible for Editor in 0.54 ms, found 2 plugins.
Preloading 0 native plugins for Editor in 0.00 ms.
Unloading 2712 Unused Serialized files (Serialized files now loaded: 0)
System memory in use before: 138.3 MB.
System memory in use after: 138.5 MB.

Unloading 14 unused Assets to reduce memory usage. Loaded Objects now: 3387.
Total: 3.646100 ms (FindLiveObjects: 0.267000 ms CreateObjectMapping: 0.161900 ms MarkObjects: 3.166400 ms  DeleteObjects: 0.049700 ms)

AssetImportParameters requested are different than current active one (requested -> active):
  custom:framework-win-MediaFoundation: 216162199b28c13a410421893ffa2e32 -> 
  custom:video-decoder-ogg-theora: a1e56fd34408186e4bbccfd4996cb3dc -> 
  custom:container-muxer-webm: aa71ff27fc2769a1b78a27578f13a17b -> 
  custom:container-demuxer-webm: 4f35f7cbe854078d1ac9338744f61a02 -> 
  custom:container-demuxer-ogg: 62fdf1f143b41e24485cea50d1cbac27 -> 
  custom:video-encoder-webm-vp8: eb34c28f22e8b96e1ab97ce403110664 -> 
  custom:video-codec-MediaFoundation-h265: 746d11721c4dcdbdad8f713fa42b33f4 -> 
  custom:video-decoder-webm-vp8: 9c59270c3fd7afecdb556c50c9e8de78 -> 
  custom:audio-decoder-ogg-vorbis: bf7c407c2cedff20999df2af8eb42d56 -> 
  custom:audio-encoder-webm-vorbis: bf7c407c2cedff20999df2af8eb42d56 -> 
========================================================================
Received Import Request.
  Time since last request: 45.961404 seconds.
  path: Assets/Prefabs/VFX/Left_Gun.prefab
  artifactKey: Guid(e41d169a37e7f604395b0abd2ef21e1c) Importer(815301076,1909f56bfc062723c751e8b465ee728b)
Start importing Assets/Prefabs/VFX/Left_Gun.prefab using Guid(e41d169a37e7f604395b0abd2ef21e1c) Importer(815301076,1909f56bfc062723c751e8b465ee728b)  -> (artifact id: '82ece47d8c158590f10830657cdb0bcd') in 0.210052 seconds 
========================================================================
Received Import Request.
  Time since last request: 0.000315 seconds.
  path: Assets/Prefabs/VFX/Muzzle FX.prefab
  artifactKey: Guid(6c105ebea5b27d843a3cfb29cee1b918) Importer(815301076,1909f56bfc062723c751e8b465ee728b)
Start importing Assets/Prefabs/VFX/Muzzle FX.prefab using Guid(6c105ebea5b27d843a3cfb29cee1b918) Importer(815301076,1909f56bfc062723c751e8b465ee728b)  -> (artifact id: '8572496fd51f9dca370d66ae401ab467') in 0.015579 seconds 
========================================================================
Received Import Request.
  Time since last request: 8.795460 seconds.
  path: Assets/Prefabs/Small Explosion_01_Smoke_02.png
  artifactKey: Guid(6c9007ab0ef96e444adf98d82cc8430e) Importer(815301076,1909f56bfc062723c751e8b465ee728b)
Start importing Assets/Prefabs/Small Explosion_01_Smoke_02.png using Guid(6c9007ab0ef96e444adf98d82cc8430e) Importer(815301076,1909f56bfc062723c751e8b465ee728b)  -> (artifact id: '36f3d67673b1d2316f5e00bc97b08d8b') in 0.030633 seconds 
========================================================================
Received Prepare
Registering precompiled user dll's ...
Registered in 0.003585 seconds.
Begin MonoManager ReloadAssembly
Native extension for WindowsStandalone target not found
Refreshing native plugins compatible for Editor in 0.89 ms, found 2 plugins.
Preloading 0 native plugins for Editor in 0.00 ms.
Mono: successfully reloaded assembly
- Completed reload, in  1.130 seconds
Domain Reload Profiling:
	ReloadAssembly (1130ms)
		BeginReloadAssembly (118ms)
			ExecutionOrderSort (0ms)
			DisableScriptedObjects (7ms)
			BackupInstance (0ms)
			ReleaseScriptingObjects (0ms)
			CreateAndSetChildDomain (38ms)
		EndReloadAssembly (951ms)
			LoadAssemblies (99ms)
			RebuildTransferFunctionScriptingTraits (0ms)
			SetupTypeCache (310ms)
			ReleaseScriptCaches (1ms)
			RebuildScriptCaches (58ms)
			SetupLoadedEditorAssemblies (316ms)
				LogAssemblyErrors (0ms)
				InitializePlatformSupportModulesInManaged (4ms)
				SetLoadedEditorAssemblies (1ms)
				RefreshPlugins (1ms)
				BeforeProcessingInitializeOnLoad (77ms)
				ProcessInitializeOnLoadAttributes (219ms)
				ProcessInitializeOnLoadMethodAttributes (9ms)
				AfterProcessingInitializeOnLoad (5ms)
				EditorAssembliesLoaded (0ms)
			ExecutionOrderSort2 (0ms)
			AwakeInstancesAfterBackupRestoration (16ms)
Platform modules already initialized, skipping
Switching render pipeline 00000000000000000000000000000000 -> 19ba41d7c0026c3459d37c2fe90c55a0
Refreshing native plugins compatible for Editor in 0.49 ms, found 2 plugins.
Preloading 0 native plugins for Editor in 0.00 ms.
Unloading 2711 Unused Serialized files (Serialized files now loaded: 0)
System memory in use before: 138.4 MB.
System memory in use after: 138.6 MB.

Unloading 12 unused Assets to reduce memory usage. Loaded Objects now: 3426.
Total: 3.581400 ms (FindLiveObjects: 0.279100 ms CreateObjectMapping: 0.135400 ms MarkObjects: 3.144100 ms  DeleteObjects: 0.022000 ms)

AssetImportParameters requested are different than current active one (requested -> active):
  custom:framework-win-MediaFoundation: 216162199b28c13a410421893ffa2e32 -> 
  custom:video-decoder-ogg-theora: a1e56fd34408186e4bbccfd4996cb3dc -> 
  custom:container-muxer-webm: aa71ff27fc2769a1b78a27578f13a17b -> 
  custom:container-demuxer-webm: 4f35f7cbe854078d1ac9338744f61a02 -> 
  custom:container-demuxer-ogg: 62fdf1f143b41e24485cea50d1cbac27 -> 
  custom:video-encoder-webm-vp8: eb34c28f22e8b96e1ab97ce403110664 -> 
  custom:video-codec-MediaFoundation-h265: 746d11721c4dcdbdad8f713fa42b33f4 -> 
  custom:video-decoder-webm-vp8: 9c59270c3fd7afecdb556c50c9e8de78 -> 
  custom:audio-decoder-ogg-vorbis: bf7c407c2cedff20999df2af8eb42d56 -> 
  custom:audio-encoder-webm-vorbis: bf7c407c2cedff20999df2af8eb42d56 -> 
========================================================================
Received Import Request.
  Time since last request: 13.133240 seconds.
  path: Assets/Prefabs/Asteroid.prefab
  artifactKey: Guid(e7925f4124d8e324ebafb7d5a4893aa4) Importer(815301076,1909f56bfc062723c751e8b465ee728b)
Start importing Assets/Prefabs/Asteroid.prefab using Guid(e7925f4124d8e324ebafb7d5a4893aa4) Importer(815301076,1909f56bfc062723c751e8b465ee728b)  -> (artifact id: '9778f86e3b706ef89cd8325920713e21') in 0.177812 seconds 
========================================================================
Received Import Request.
  Time since last request: 83.311374 seconds.
  path: Assets/Materials/BackGroundMaterial
  artifactKey: Guid(0e4eb1ef7beef7a4991cc10fadf10479) Importer(815301076,1909f56bfc062723c751e8b465ee728b)
Start importing Assets/Materials/BackGroundMaterial using Guid(0e4eb1ef7beef7a4991cc10fadf10479) Importer(815301076,1909f56bfc062723c751e8b465ee728b)  -> (artifact id: 'c7efd9403674d117d056f2841c188355') in 0.010459 seconds 
========================================================================
Received Import Request.
  Time since last request: 23.702625 seconds.
  path: Assets/Prefabs/Short-Lazer-Ship.png
  artifactKey: Guid(c98405d49143fc84dbd11799122ea046) Importer(815301076,1909f56bfc062723c751e8b465ee728b)
Start importing Assets/Prefabs/Short-Lazer-Ship.png using Guid(c98405d49143fc84dbd11799122ea046) Importer(815301076,1909f56bfc062723c751e8b465ee728b)  -> (artifact id: '624e702a287ad7df2430fe01e19fdb16') in 0.038085 seconds 
========================================================================
Received Import Request.
  Time since last request: 131.818871 seconds.
  path: Assets/Prefabs/Power Ups/Power Up.png
  artifactKey: Guid(eed3a3696cc82a042a4b8de968dc18f7) Importer(815301076,1909f56bfc062723c751e8b465ee728b)
Start importing Assets/Prefabs/Power Ups/Power Up.png using Guid(eed3a3696cc82a042a4b8de968dc18f7) Importer(815301076,1909f56bfc062723c751e8b465ee728b)  -> (artifact id: 'd1219c317f60fec179e91f8dd47e98b7') in 0.020872 seconds 
========================================================================
Received Import Request.
  Time since last request: 0.426127 seconds.
  path: Assets/Prefabs/Power Ups/Power Up Ring.png
  artifactKey: Guid(d67ef880b5929ef4b9f7268003be746e) Importer(815301076,1909f56bfc062723c751e8b465ee728b)
Start importing Assets/Prefabs/Power Ups/Power Up Ring.png using Guid(d67ef880b5929ef4b9f7268003be746e) Importer(815301076,1909f56bfc062723c751e8b465ee728b)  -> (artifact id: '8b19a6adea702b960a067dfea01fd511') in 0.020203 seconds 
========================================================================
Received Import Request.
  Time since last request: 73.686706 seconds.
  path: Assets/Prefabs/Enemy_01.png
  artifactKey: Guid(889ce8abe284e5140b812261fece7c00) Importer(815301076,1909f56bfc062723c751e8b465ee728b)
Start importing Assets/Prefabs/Enemy_01.png using Guid(889ce8abe284e5140b812261fece7c00) Importer(815301076,1909f56bfc062723c751e8b465ee728b)  -> (artifact id: 'cd56985beac538c51c15ffeb0f8f4799') in 0.019016 seconds 
========================================================================
Received Import Request.
  Time since last request: 13.794134 seconds.
  path: Assets/Materials/LazerSound.wav
  artifactKey: Guid(397bc2c3160849b46b3bbbca07e47baa) Importer(815301076,1909f56bfc062723c751e8b465ee728b)
Start importing Assets/Materials/LazerSound.wav using Guid(397bc2c3160849b46b3bbbca07e47baa) Importer(815301076,1909f56bfc062723c751e8b465ee728b)  -> (artifact id: '624109be6c7ffc26086ef5512e0b39d6') in 0.209300 seconds 
========================================================================
Received Import Request.
  Time since last request: 0.000325 seconds.
  path: Assets/Materials/playerDied.mp3
  artifactKey: Guid(9117d4dd7bf2c384682ab982e34f1776) Importer(815301076,1909f56bfc062723c751e8b465ee728b)
Start importing Assets/Materials/playerDied.mp3 using Guid(9117d4dd7bf2c384682ab982e34f1776) Importer(815301076,1909f56bfc062723c751e8b465ee728b)  -> (artifact id: '0c16115225cfd55e74ca7c327e6319dd') in 0.023338 seconds 
========================================================================
Received Prepare
Registering precompiled user dll's ...
Registered in 0.004182 seconds.
Begin MonoManager ReloadAssembly
Native extension for WindowsStandalone target not found
Refreshing native plugins compatible for Editor in 0.53 ms, found 2 plugins.
Preloading 0 native plugins for Editor in 0.00 ms.
Mono: successfully reloaded assembly
- Completed reload, in  1.149 seconds
Domain Reload Profiling:
	ReloadAssembly (1149ms)
		BeginReloadAssembly (132ms)
			ExecutionOrderSort (0ms)
			DisableScriptedObjects (8ms)
			BackupInstance (0ms)
			ReleaseScriptingObjects (0ms)
			CreateAndSetChildDomain (43ms)
		EndReloadAssembly (950ms)
			LoadAssemblies (107ms)
			RebuildTransferFunctionScriptingTraits (0ms)
			SetupTypeCache (324ms)
			ReleaseScriptCaches (2ms)
			RebuildScriptCaches (48ms)
			SetupLoadedEditorAssemblies (313ms)
				LogAssemblyErrors (0ms)
				InitializePlatformSupportModulesInManaged (4ms)
				SetLoadedEditorAssemblies (0ms)
				RefreshPlugins (1ms)
				BeforeProcessingInitializeOnLoad (66ms)
				ProcessInitializeOnLoadAttributes (226ms)
				ProcessInitializeOnLoadMethodAttributes (9ms)
				AfterProcessingInitializeOnLoad (6ms)
				EditorAssembliesLoaded (0ms)
			ExecutionOrderSort2 (0ms)
			AwakeInstancesAfterBackupRestoration (18ms)
Platform modules already initialized, skipping
Switching render pipeline 00000000000000000000000000000000 -> 19ba41d7c0026c3459d37c2fe90c55a0
Refreshing native plugins compatible for Editor in 0.50 ms, found 2 plugins.
Preloading 0 native plugins for Editor in 0.00 ms.
Unloading 2711 Unused Serialized files (Serialized files now loaded: 0)
System memory in use before: 138.6 MB.
System memory in use after: 138.8 MB.

Unloading 12 unused Assets to reduce memory usage. Loaded Objects now: 3467.
Total: 4.981000 ms (FindLiveObjects: 0.431500 ms CreateObjectMapping: 0.185400 ms MarkObjects: 4.313900 ms  DeleteObjects: 0.048900 ms)

AssetImportParameters requested are different than current active one (requested -> active):
  custom:framework-win-MediaFoundation: 216162199b28c13a410421893ffa2e32 -> 
  custom:video-decoder-ogg-theora: a1e56fd34408186e4bbccfd4996cb3dc -> 
  custom:container-muxer-webm: aa71ff27fc2769a1b78a27578f13a17b -> 
  custom:container-demuxer-webm: 4f35f7cbe854078d1ac9338744f61a02 -> 
  custom:container-demuxer-ogg: 62fdf1f143b41e24485cea50d1cbac27 -> 
  custom:video-encoder-webm-vp8: eb34c28f22e8b96e1ab97ce403110664 -> 
  custom:video-codec-MediaFoundation-h265: 746d11721c4dcdbdad8f713fa42b33f4 -> 
  custom:video-decoder-webm-vp8: 9c59270c3fd7afecdb556c50c9e8de78 -> 
  custom:audio-decoder-ogg-vorbis: bf7c407c2cedff20999df2af8eb42d56 -> 
  custom:audio-encoder-webm-vorbis: bf7c407c2cedff20999df2af8eb42d56 -> 
========================================================================
Received Prepare
Registering precompiled user dll's ...
Registered in 0.008366 seconds.
Begin MonoManager ReloadAssembly
Native extension for WindowsStandalone target not found
Refreshing native plugins compatible for Editor in 0.48 ms, found 2 plugins.
Preloading 0 native plugins for Editor in 0.00 ms.
Mono: successfully reloaded assembly
- Completed reload, in  1.411 seconds
Domain Reload Profiling:
	ReloadAssembly (1412ms)
		BeginReloadAssembly (160ms)
			ExecutionOrderSort (0ms)
			DisableScriptedObjects (5ms)
			BackupInstance (0ms)
			ReleaseScriptingObjects (0ms)
			CreateAndSetChildDomain (48ms)
		EndReloadAssembly (1140ms)
			LoadAssemblies (160ms)
			RebuildTransferFunctionScriptingTraits (0ms)
			SetupTypeCache (391ms)
			ReleaseScriptCaches (1ms)
			RebuildScriptCaches (53ms)
			SetupLoadedEditorAssemblies (360ms)
				LogAssemblyErrors (0ms)
				InitializePlatformSupportModulesInManaged (4ms)
				SetLoadedEditorAssemblies (0ms)
				RefreshPlugins (1ms)
				BeforeProcessingInitializeOnLoad (79ms)
				ProcessInitializeOnLoadAttributes (243ms)
				ProcessInitializeOnLoadMethodAttributes (16ms)
				AfterProcessingInitializeOnLoad (16ms)
				EditorAssembliesLoaded (1ms)
			ExecutionOrderSort2 (0ms)
			AwakeInstancesAfterBackupRestoration (36ms)
Platform modules already initialized, skipping
Refreshing native plugins compatible for Editor in 0.48 ms, found 2 plugins.
Preloading 0 native plugins for Editor in 0.00 ms.
Unloading 2711 Unused Serialized files (Serialized files now loaded: 0)
System memory in use before: 138.6 MB.
System memory in use after: 138.8 MB.

Unloading 12 unused Assets to reduce memory usage. Loaded Objects now: 3470.
Total: 3.333600 ms (FindLiveObjects: 0.246600 ms CreateObjectMapping: 0.141200 ms MarkObjects: 2.919500 ms  DeleteObjects: 0.024900 ms)

AssetImportParameters requested are different than current active one (requested -> active):
  custom:framework-win-MediaFoundation: 216162199b28c13a410421893ffa2e32 -> 
  custom:video-decoder-ogg-theora: a1e56fd34408186e4bbccfd4996cb3dc -> 
  custom:container-muxer-webm: aa71ff27fc2769a1b78a27578f13a17b -> 
  custom:container-demuxer-webm: 4f35f7cbe854078d1ac9338744f61a02 -> 
  custom:container-demuxer-ogg: 62fdf1f143b41e24485cea50d1cbac27 -> 
  custom:video-encoder-webm-vp8: eb34c28f22e8b96e1ab97ce403110664 -> 
  custom:video-codec-MediaFoundation-h265: 746d11721c4dcdbdad8f713fa42b33f4 -> 
  custom:video-decoder-webm-vp8: 9c59270c3fd7afecdb556c50c9e8de78 -> 
  custom:audio-decoder-ogg-vorbis: bf7c407c2cedff20999df2af8eb42d56 -> 
  custom:audio-encoder-webm-vorbis: bf7c407c2cedff20999df2af8eb42d56 -> 
AssetImportWorkerClient::OnTransportError - code=2 error=End of file
